<?xml version="1.0" encoding="UTF-8"?>
<testng-results ignored="0" total="5" passed="5" failed="0" skipped="0">
  <reporter-output>
  </reporter-output>
  <suite started-at="2024-04-12T19:46:49 IST" name="Default suite" finished-at="2024-04-12T19:46:49 IST" duration-ms="72">
    <groups>
    </groups>
    <test started-at="2024-04-12T19:46:49 IST" name="Default test" finished-at="2024-04-12T19:46:49 IST" duration-ms="72">
      <class name="Internal2.Internal2.TestCalculator">
        <test-method is-config="true" signature="setUp()[pri:0, instance:Internal2.Internal2.TestCalculator@659499f1]" started-at="2024-04-12T19:46:49 IST" name="setUp" finished-at="2024-04-12T19:46:49 IST" duration-ms="11" status="PASS">
          <reporter-output>
          </reporter-output>
        </test-method> <!-- setUp -->
        <test-method signature="testAdd()[pri:0, instance:Internal2.Internal2.TestCalculator@659499f1]" started-at="2024-04-12T19:46:49 IST" name="testAdd" finished-at="2024-04-12T19:46:49 IST" duration-ms="7" status="PASS">
          <reporter-output>
          </reporter-output>
        </test-method> <!-- testAdd -->
        <test-method signature="testDivide()[pri:0, instance:Internal2.Internal2.TestCalculator@659499f1]" started-at="2024-04-12T19:46:49 IST" name="testDivide" finished-at="2024-04-12T19:46:49 IST" duration-ms="4" status="PASS">
          <reporter-output>
          </reporter-output>
        </test-method> <!-- testDivide -->
        <test-method signature="testDivideByZero()[pri:0, instance:Internal2.Internal2.TestCalculator@659499f1]" started-at="2024-04-12T19:46:49 IST" name="testDivideByZero" finished-at="2024-04-12T19:46:49 IST" duration-ms="1" status="PASS">
          <exception class="java.lang.IllegalArgumentException">
            <message>
              <![CDATA[Cannot divide by zero]]>
            </message>
            <full-stacktrace>
              <![CDATA[java.lang.IllegalArgumentException: Cannot divide by zero
at Internal2.Internal2.Caluclator.divide(Caluclator.java:19)
at Internal2.Internal2.TestCalculator.testDivideByZero(TestCalculator.java:38)
at java.base/jdk.internal.reflect.NativeMethodAccessorImpl.invoke0(Native Method)
at java.base/jdk.internal.reflect.NativeMethodAccessorImpl.invoke(NativeMethodAccessorImpl.java:77)
at java.base/jdk.internal.reflect.DelegatingMethodAccessorImpl.invoke(DelegatingMethodAccessorImpl.java:43)
at java.base/java.lang.reflect.Method.invoke(Method.java:568)
at org.testng.internal.invokers.MethodInvocationHelper.invokeMethod(MethodInvocationHelper.java:139)
at org.testng.internal.invokers.TestInvoker.invokeMethod(TestInvoker.java:664)
at org.testng.internal.invokers.TestInvoker.invokeTestMethod(TestInvoker.java:228)
at org.testng.internal.invokers.MethodRunner.runInSequence(MethodRunner.java:63)
at org.testng.internal.invokers.TestInvoker$MethodInvocationAgent.invoke(TestInvoker.java:961)
at org.testng.internal.invokers.TestInvoker.invokeTestMethods(TestInvoker.java:201)
at org.testng.internal.invokers.TestMethodWorker.invokeTestMethods(TestMethodWorker.java:148)
at org.testng.internal.invokers.TestMethodWorker.run(TestMethodWorker.java:128)
at java.base/java.util.ArrayList.forEach(ArrayList.java:1511)
at org.testng.TestRunner.privateRun(TestRunner.java:819)
at org.testng.TestRunner.run(TestRunner.java:619)
at org.testng.SuiteRunner.runTest(SuiteRunner.java:443)
at org.testng.SuiteRunner.runSequentially(SuiteRunner.java:437)
at org.testng.SuiteRunner.privateRun(SuiteRunner.java:397)
at org.testng.SuiteRunner.run(SuiteRunner.java:336)
at org.testng.SuiteRunnerWorker.runSuite(SuiteRunnerWorker.java:52)
at org.testng.SuiteRunnerWorker.run(SuiteRunnerWorker.java:95)
at org.testng.TestNG.runSuitesSequentially(TestNG.java:1301)
at org.testng.TestNG.runSuitesLocally(TestNG.java:1228)
at org.testng.TestNG.runSuites(TestNG.java:1134)
at org.testng.TestNG.run(TestNG.java:1101)
at org.testng.remote.AbstractRemoteTestNG.run(AbstractRemoteTestNG.java:115)
at org.testng.remote.RemoteTestNG.initAndRun(RemoteTestNG.java:251)
at org.testng.remote.RemoteTestNG.main(RemoteTestNG.java:77)
]]>
            </full-stacktrace>
          </exception> <!-- java.lang.IllegalArgumentException -->
          <reporter-output>
          </reporter-output>
        </test-method> <!-- testDivideByZero -->
        <test-method signature="testMultiply()[pri:0, instance:Internal2.Internal2.TestCalculator@659499f1]" started-at="2024-04-12T19:46:49 IST" name="testMultiply" finished-at="2024-04-12T19:46:49 IST" duration-ms="1" status="PASS">
          <reporter-output>
          </reporter-output>
        </test-method> <!-- testMultiply -->
        <test-method signature="testSubtract()[pri:0, instance:Internal2.Internal2.TestCalculator@659499f1]" started-at="2024-04-12T19:46:49 IST" name="testSubtract" finished-at="2024-04-12T19:46:49 IST" duration-ms="1" status="PASS">
          <reporter-output>
          </reporter-output>
        </test-method> <!-- testSubtract -->
      </class> <!-- Internal2.Internal2.TestCalculator -->
    </test> <!-- Default test -->
  </suite> <!-- Default suite -->
</testng-results>
